{"/mnt/c/Users/diego/jsexpert-exercicio01-pokeapi/src/repository/pokemonRepository.js": {"path":"/mnt/c/Users/diego/jsexpert-exercicio01-pokeapi/src/repository/pokemonRepository.js","all":false,"statementMap":{"0":{"start":{"line":1,"column":0},"end":{"line":1,"column":25}},"1":{"start":{"line":2,"column":0},"end":{"line":2,"column":29}},"2":{"start":{"line":3,"column":0},"end":{"line":3,"column":0}},"3":{"start":{"line":4,"column":0},"end":{"line":4,"column":25}},"4":{"start":{"line":5,"column":0},"end":{"line":5,"column":0}},"5":{"start":{"line":6,"column":0},"end":{"line":6,"column":11}},"6":{"start":{"line":7,"column":0},"end":{"line":7,"column":0}},"7":{"start":{"line":8,"column":0},"end":{"line":8,"column":17}},"8":{"start":{"line":9,"column":0},"end":{"line":9,"column":32}},"9":{"start":{"line":10,"column":0},"end":{"line":10,"column":23}},"10":{"start":{"line":11,"column":0},"end":{"line":11,"column":64}},"11":{"start":{"line":12,"column":0},"end":{"line":12,"column":9}},"12":{"start":{"line":13,"column":0},"end":{"line":13,"column":3}},"13":{"start":{"line":14,"column":0},"end":{"line":14,"column":0}},"14":{"start":{"line":15,"column":0},"end":{"line":15,"column":29}},"15":{"start":{"line":16,"column":0},"end":{"line":16,"column":2}},"16":{"start":{"line":17,"column":0},"end":{"line":17,"column":20}},"17":{"start":{"line":18,"column":0},"end":{"line":18,"column":0}},"18":{"start":{"line":19,"column":0},"end":{"line":19,"column":29}},"19":{"start":{"line":20,"column":0},"end":{"line":20,"column":76}},"20":{"start":{"line":21,"column":0},"end":{"line":21,"column":56}},"21":{"start":{"line":22,"column":0},"end":{"line":22,"column":47}},"22":{"start":{"line":23,"column":0},"end":{"line":23,"column":7}},"23":{"start":{"line":24,"column":0},"end":{"line":24,"column":5}},"24":{"start":{"line":25,"column":0},"end":{"line":25,"column":0}},"25":{"start":{"line":26,"column":0},"end":{"line":26,"column":16}},"26":{"start":{"line":27,"column":0},"end":{"line":27,"column":3}},"27":{"start":{"line":28,"column":0},"end":{"line":28,"column":0}},"28":{"start":{"line":29,"column":0},"end":{"line":29,"column":26}},"29":{"start":{"line":30,"column":0},"end":{"line":30,"column":76}},"30":{"start":{"line":31,"column":0},"end":{"line":31,"column":43}},"31":{"start":{"line":32,"column":0},"end":{"line":32,"column":3}},"32":{"start":{"line":33,"column":0},"end":{"line":33,"column":1}},"33":{"start":{"line":34,"column":0},"end":{"line":34,"column":0}},"34":{"start":{"line":35,"column":0},"end":{"line":35,"column":41}}},"s":{"0":1,"1":1,"2":1,"3":1,"4":1,"5":1,"6":1,"7":1,"8":1,"9":1,"10":1,"11":1,"12":1,"13":1,"14":1,"15":1,"16":1,"17":1,"18":1,"19":3,"20":3,"21":3,"22":3,"23":3,"24":1,"25":1,"26":1,"27":1,"28":1,"29":2,"30":2,"31":2,"32":1,"33":1,"34":1},"branchMap":{"0":{"type":"branch","line":6,"loc":{"start":{"line":6,"column":2},"end":{"line":6,"column":11}},"locations":[{"start":{"line":6,"column":2},"end":{"line":6,"column":11}}]},"1":{"type":"branch","line":8,"loc":{"start":{"line":8,"column":2},"end":{"line":13,"column":3}},"locations":[{"start":{"line":8,"column":2},"end":{"line":13,"column":3}}]},"2":{"type":"branch","line":15,"loc":{"start":{"line":15,"column":25},"end":{"line":27,"column":3}},"locations":[{"start":{"line":15,"column":25},"end":{"line":27,"column":3}}]},"3":{"type":"branch","line":19,"loc":{"start":{"line":19,"column":28},"end":{"line":24,"column":5}},"locations":[{"start":{"line":19,"column":28},"end":{"line":24,"column":5}}]},"4":{"type":"branch","line":29,"loc":{"start":{"line":29,"column":22},"end":{"line":32,"column":3}},"locations":[{"start":{"line":29,"column":22},"end":{"line":32,"column":3}}]}},"b":{"0":[1],"1":[1],"2":[1],"3":[3],"4":[2]},"fnMap":{"0":{"name":"<instance_members_initializer>","decl":{"start":{"line":6,"column":2},"end":{"line":6,"column":11}},"loc":{"start":{"line":6,"column":2},"end":{"line":6,"column":11}},"line":6},"1":{"name":"PokemonRepository","decl":{"start":{"line":8,"column":2},"end":{"line":13,"column":3}},"loc":{"start":{"line":8,"column":2},"end":{"line":13,"column":3}},"line":8},"2":{"name":"readThreePokemons","decl":{"start":{"line":15,"column":25},"end":{"line":27,"column":3}},"loc":{"start":{"line":15,"column":25},"end":{"line":27,"column":3}},"line":15},"3":{"name":"readOnePokemon","decl":{"start":{"line":29,"column":22},"end":{"line":32,"column":3}},"loc":{"start":{"line":29,"column":22},"end":{"line":32,"column":3}},"line":29}},"f":{"0":1,"1":1,"2":1,"3":2}}
,"/mnt/c/Users/diego/jsexpert-exercicio01-pokeapi/src/service/routes.js": {"path":"/mnt/c/Users/diego/jsexpert-exercicio01-pokeapi/src/service/routes.js","all":false,"statementMap":{"0":{"start":{"line":1,"column":0},"end":{"line":1,"column":69}},"1":{"start":{"line":2,"column":0},"end":{"line":2,"column":0}},"2":{"start":{"line":3,"column":0},"end":{"line":3,"column":16}},"3":{"start":{"line":4,"column":0},"end":{"line":4,"column":28}},"4":{"start":{"line":5,"column":0},"end":{"line":5,"column":9}},"5":{"start":{"line":6,"column":0},"end":{"line":6,"column":61}},"6":{"start":{"line":7,"column":0},"end":{"line":7,"column":54}},"7":{"start":{"line":8,"column":0},"end":{"line":8,"column":25}},"8":{"start":{"line":9,"column":0},"end":{"line":9,"column":44}},"9":{"start":{"line":10,"column":0},"end":{"line":10,"column":4}},"10":{"start":{"line":11,"column":0},"end":{"line":11,"column":32}},"11":{"start":{"line":12,"column":0},"end":{"line":12,"column":9}},"12":{"start":{"line":13,"column":0},"end":{"line":13,"column":64}},"13":{"start":{"line":14,"column":0},"end":{"line":14,"column":54}},"14":{"start":{"line":15,"column":0},"end":{"line":15,"column":25}},"15":{"start":{"line":16,"column":0},"end":{"line":16,"column":44}},"16":{"start":{"line":17,"column":0},"end":{"line":17,"column":4}},"17":{"start":{"line":18,"column":0},"end":{"line":18,"column":23}},"18":{"start":{"line":19,"column":0},"end":{"line":19,"column":26}},"19":{"start":{"line":20,"column":0},"end":{"line":20,"column":50}},"20":{"start":{"line":21,"column":0},"end":{"line":21,"column":4}},"21":{"start":{"line":22,"column":0},"end":{"line":22,"column":2}},"22":{"start":{"line":23,"column":0},"end":{"line":23,"column":0}},"23":{"start":{"line":24,"column":0},"end":{"line":24,"column":28}}},"s":{"0":1,"1":1,"2":1,"3":1,"4":1,"5":1,"6":1,"7":1,"8":1,"9":1,"10":1,"11":1,"12":1,"13":1,"14":1,"15":1,"16":1,"17":1,"18":1,"19":1,"20":1,"21":1,"22":1,"23":1},"branchMap":{"0":{"type":"branch","line":4,"loc":{"start":{"line":4,"column":7},"end":{"line":10,"column":4}},"locations":[{"start":{"line":4,"column":7},"end":{"line":10,"column":4}}]},"1":{"type":"branch","line":11,"loc":{"start":{"line":11,"column":11},"end":{"line":17,"column":4}},"locations":[{"start":{"line":11,"column":11},"end":{"line":17,"column":4}}]},"2":{"type":"branch","line":19,"loc":{"start":{"line":19,"column":11},"end":{"line":21,"column":4}},"locations":[{"start":{"line":19,"column":11},"end":{"line":21,"column":4}}]}},"b":{"0":[1],"1":[1],"2":[1]},"fnMap":{"0":{"name":"/","decl":{"start":{"line":4,"column":7},"end":{"line":10,"column":4}},"loc":{"start":{"line":4,"column":7},"end":{"line":10,"column":4}},"line":4},"1":{"name":"/team","decl":{"start":{"line":11,"column":11},"end":{"line":17,"column":4}},"loc":{"start":{"line":11,"column":11},"end":{"line":17,"column":4}},"line":11},"2":{"name":"default","decl":{"start":{"line":19,"column":11},"end":{"line":21,"column":4}},"loc":{"start":{"line":19,"column":11},"end":{"line":21,"column":4}},"line":19}},"f":{"0":1,"1":1,"2":1}}
}
