TN:
SF:src/repository/pokemonRepository.js
FN:6,<instance_members_initializer>
FN:8,PokemonRepository
FN:15,readThreePokemons
FN:29,readOnePokemon
FNF:4
FNH:4
FNDA:1,<instance_members_initializer>
FNDA:1,PokemonRepository
FNDA:1,readThreePokemons
FNDA:2,readOnePokemon
DA:1,1
DA:2,1
DA:3,1
DA:4,1
DA:5,1
DA:6,1
DA:7,1
DA:8,1
DA:9,1
DA:10,1
DA:11,1
DA:12,1
DA:13,1
DA:14,1
DA:15,1
DA:16,1
DA:17,1
DA:18,1
DA:19,1
DA:20,5
DA:21,5
DA:22,3
DA:23,3
DA:24,5
DA:25,1
DA:26,1
DA:27,1
DA:28,1
DA:29,1
DA:30,2
DA:31,2
DA:32,2
DA:33,1
DA:34,1
DA:35,1
LF:35
LH:35
BRDA:6,0,0,1
BRDA:8,1,0,1
BRDA:15,2,0,1
BRDA:19,3,0,5
BRDA:21,4,0,3
BRDA:29,5,0,2
BRF:6
BRH:6
end_of_record
TN:
SF:src/service/routes.js
FN:5,/
FN:12,/team
FN:19,default
FN:24,undefined
FNF:4
FNH:4
FNDA:1,/
FNDA:1,/team
FNDA:1,default
FNDA:1,undefined
DA:1,1
DA:2,1
DA:3,1
DA:4,1
DA:5,1
DA:6,1
DA:7,1
DA:8,1
DA:9,1
DA:10,1
DA:11,1
DA:12,1
DA:13,1
DA:14,1
DA:15,1
DA:16,1
DA:17,1
DA:18,1
DA:19,1
DA:20,1
DA:21,1
DA:22,1
DA:23,1
DA:24,1
DA:25,1
DA:26,1
DA:27,1
DA:28,1
DA:29,1
DA:30,1
LF:30
LH:30
BRDA:5,0,0,1
BRDA:12,1,0,1
BRDA:19,2,0,1
BRDA:24,3,0,1
BRF:4
BRH:4
end_of_record
